  Camera.cpp
C:\Users\narut\source\repos\CS-330 3D Scene Matt Eaton\Camera.cpp(147,40): warning C4244: '=': conversion from 'double' to 'T', possible loss of data
          with
          [
              T=float
          ]
C:\Users\narut\source\repos\CS-330 3D Scene Matt Eaton\Camera.cpp(148,20): warning C4244: '=': conversion from 'double' to 'T', possible loss of data
          with
          [
              T=float
          ]
C:\Users\narut\source\repos\CS-330 3D Scene Matt Eaton\Camera.cpp(149,40): warning C4244: '=': conversion from 'double' to 'T', possible loss of data
          with
          [
              T=float
          ]
  Cube.cpp
  Icosahedron.cpp
  Main.cpp
C:\Users\narut\source\repos\CS-330 3D Scene Matt Eaton\Main.cpp(296,38): warning C4305: 'initializing': truncation from 'double' to 'float'
C:\Users\narut\source\repos\CS-330 3D Scene Matt Eaton\Main.cpp(297,38): warning C4305: 'initializing': truncation from 'double' to 'float'
C:\Users\narut\source\repos\CS-330 3D Scene Matt Eaton\Main.cpp(299,39): warning C4305: 'initializing': truncation from 'double' to 'float'
C:\Users\narut\source\repos\CS-330 3D Scene Matt Eaton\Main.cpp(538,21): warning C4244: 'initializing': conversion from 'double' to 'float', possible loss of data
  Plane.cpp
  Pyramid.cpp
  Shader.cpp
  Sphere.cpp
C:\Users\narut\source\repos\CS-330 3D Scene Matt Eaton\Sphere.cpp(101,20): warning C4018: '<': signed/unsigned mismatch
C:\Users\narut\source\repos\CS-330 3D Scene Matt Eaton\Sphere.cpp(157,17): warning C4244: 'return': conversion from 'double' to 'float', possible loss of data
  Generating code
  264 of 476 functions (55.5%) were compiled, the rest were copied from previous compilation.
    223 functions were new in current compilation
    19 functions had inline decision re-evaluated but remain unchanged
  Finished generating code
  CS-330 3D Scene Matt Eaton.vcxproj -> C:\Users\narut\source\repos\CS-330 3D Scene Matt Eaton\Release\CS-330 3D Scene Matt Eaton.exe
